mode: set
github.com/morticius/golang_bank/db/sqlc/account.sql.go:26.96,37.2 4 1
github.com/morticius/golang_bank/db/sqlc/account.sql.go:44.70,47.2 2 1
github.com/morticius/golang_bank/db/sqlc/account.sql.go:54.78,65.2 4 1
github.com/morticius/golang_bank/db/sqlc/account.sql.go:79.96,81.16 2 1
github.com/morticius/golang_bank/db/sqlc/account.sql.go:84.2,86.18 3 1
github.com/morticius/golang_bank/db/sqlc/account.sql.go:99.2,99.37 1 1
github.com/morticius/golang_bank/db/sqlc/account.sql.go:102.2,102.35 1 1
github.com/morticius/golang_bank/db/sqlc/account.sql.go:105.2,105.19 1 1
github.com/morticius/golang_bank/db/sqlc/account.sql.go:81.16,83.3 1 0
github.com/morticius/golang_bank/db/sqlc/account.sql.go:86.18,94.17 2 1
github.com/morticius/golang_bank/db/sqlc/account.sql.go:97.3,97.27 1 1
github.com/morticius/golang_bank/db/sqlc/account.sql.go:94.17,96.4 1 0
github.com/morticius/golang_bank/db/sqlc/account.sql.go:99.37,101.3 1 0
github.com/morticius/golang_bank/db/sqlc/account.sql.go:102.35,104.3 1 0
github.com/morticius/golang_bank/db/sqlc/account.sql.go:120.96,131.2 4 1
github.com/morticius/golang_bank/db/sqlc/db.go:17.28,19.2 1 1
github.com/morticius/golang_bank/db/sqlc/db.go:25.47,29.2 1 0
